[2023-10-16 01:51:36.475] [pxr_streamer] [info] ***********  Log Begin **********
[2023-10-16 01:51:36.475] [pxr_streamer] [info] process id= 30264
[2023-10-16 01:51:36.475] [pxr_streamer] [info] [30264|24636]driver_impl.cpp:22 DriverImpl: Driver created, this= 0x1fb856bc440
[2023-10-16 01:51:36.475] [pxr_streamer] [debug] [30264|24636]streaming_driver_interface_impl.cpp:20 StreamingDriverInterfaceImpl: callback= 0x1fb85a70a10, this= 0x1fb75557530
[2023-10-16 01:51:36.475] [pxr_streamer] [debug] [30264|24636]streaming_driver_interface_impl.cpp:117 SetTrackingOrigin: tracking origin= Undefined, this= 0x1fb75557530
[2023-10-16 01:51:36.475] [pxr_streamer] [error] [30264|24636]streaming_driver_interface_impl.cpp:119 SetTrackingOrigin: "not connected", connect_state_ != DriverConnectState::kRpcConnected, this= 0x1fb75557530
[2023-10-16 01:51:36.475] [pxr_streamer] [info] [30264|24636]streaming_driver_interface_impl.cpp:39 ConnectToService: connect to service, this= 0x1fb75557530
[2023-10-16 01:51:36.476] [pxr_streamer] [debug] [30264|22392]streaming_driver_interface_impl.cpp:343 InvokeConnectToService: connect to service, this= 0x1fb75557530
[2023-10-16 01:51:36.476] [pxr_streamer] [debug] [30264|22392]transport_client_tcp2.cpp:33 Start: buffer size(send\recv): 1048576\1048576, this= 0x1faaa526190
[2023-10-16 01:51:36.476] [pxr_streamer] [info] [30264|22392]transport_client_tcp2.cpp:58 Start: server= 127.0.0.1:29000, local=0.0.0.0:0, this= 0x1faaa526190
[2023-10-16 01:51:36.476] [pxr_streamer] [info] [30264|10788]streaming_driver_interface_impl.cpp:141 NotifyConnectResult: connect to service, result= 0, this= 0x1fb75557530
[2023-10-16 01:51:36.476] [pxr_streamer] [debug] [30264|10788]transport_client_tcp2.cpp:161 HandleConnect: local= 127.0.0.1:61032, this= 0x1faaa526190
[2023-10-16 01:51:36.476] [pxr_streamer] [debug] [30264|22392]streaming_driver_interface_impl.cpp:444 HandleTransportConnect: connect success, this= 0x1fb75557530
[2023-10-16 01:51:36.476] [pxr_streamer] [info] [30264|22392]driver_impl.cpp:59 Connect: send connect request : { id = btr6ZlFN, timestamp = 2270121, from = Driver, to = SRS, connection info : {id: "OGMXt4oeWOztXPyK\000" name: "Streaming Driver SDK\000" module_version: "1.1.1.1\000" protocol_version: "1.0.0.0\000"} }, this= 0x1fb856bc440
[2023-10-16 01:51:36.476] [pxr_streamer] [info] [30264|22392]streaming_driver_interface_impl.cpp:332 StartRpcConnect: driver id= OGMXt4oeWOztXPyK, this= 0x1fb75557530
[2023-10-16 01:51:36.479] [pxr_streamer] [info] [30264|22392]driver_impl.cpp:650 ProcessResponseMessage: received connect response : { id = uKIpUYtM, timestamp = 2270124, from = SRS, to = Driver, req_id = btr6ZlFN, result_code = 1 }, this= 0x1fb856bc440
[2023-10-16 01:51:36.479] [pxr_streamer] [debug] [30264|22392]streaming_driver_interface_impl.cpp:174 NotifyDriverConnectResult: result= 0, this= 0x1fb75557530
[2023-10-16 01:51:47.632] [pxr_streamer] [info] [30264|24636]streaming_driver_interface_impl.cpp:53 DisconnectFromService: disconnect from service, this= 0x1fb75557530
[2023-10-16 01:51:47.632] [pxr_streamer] [debug] [30264|22392]streaming_driver_interface_impl.cpp:374 InvokeDisconnectFromService: disconnect from service, this= 0x1fb75557530
[2023-10-16 01:51:47.632] [pxr_streamer] [info] [30264|22392]driver_impl.cpp:81 Disconnect: send disconnect request : { id = JpGK6tfV, timestamp = 2281277, from = Driver, to = SRS }, this= 0x1fb856bc440
[2023-10-16 01:51:47.632] [pxr_streamer] [debug] [30264|22392]transport_client_tcp2.cpp:73 Stop: called, this= 0x1faaa526190
[2023-10-16 01:51:47.632] [pxr_streamer] [error] [30264|10788]transport_client_tcp2.cpp:116 operator (): recv error= 1236, msg= The network connection was aborted by the local system., this= 0x1faaa526190
[2023-10-16 01:51:47.632] [pxr_streamer] [error] [30264|10788]transport_client_tcp2.cpp:129 HandleReceiveData: has been disconnected, this= 0x1faaa526190
[2023-10-16 01:51:47.632] [pxr_streamer] [error] [30264|10788]transport_client_tcp2.cpp:105 StartAyncRecv: has been disconnected, this= 0x1faaa526190
[2023-10-16 01:52:44.965] [pxr_streamer] [info] [30264|24636]driver_impl.cpp:22 DriverImpl: Driver created, this= 0x1facac4e710
[2023-10-16 01:52:44.965] [pxr_streamer] [debug] [30264|24636]streaming_driver_interface_impl.cpp:20 StreamingDriverInterfaceImpl: callback= 0x1fa9f52c780, this= 0x1fb75555910
[2023-10-16 01:52:44.965] [pxr_streamer] [debug] [30264|24636]streaming_driver_interface_impl.cpp:27 ~StreamingDriverInterfaceImpl: called, this= 0x1fb75557530
[2023-10-16 01:52:44.965] [pxr_streamer] [info] [30264|24636]driver_impl.cpp:27 ~DriverImpl: Driver destroyed, this= 0x1fb856bc440
[2023-10-16 01:52:44.965] [pxr_streamer] [debug] [30264|24636]transport_client_tcp2.cpp:73 Stop: called, this= 0x1faaa526190
[2023-10-16 01:52:44.965] [pxr_streamer] [debug] [30264|24636]streaming_driver_interface_impl.cpp:117 SetTrackingOrigin: tracking origin= StageLevel, this= 0x1fb75555910
[2023-10-16 01:52:44.965] [pxr_streamer] [error] [30264|24636]streaming_driver_interface_impl.cpp:119 SetTrackingOrigin: "not connected", connect_state_ != DriverConnectState::kRpcConnected, this= 0x1fb75555910
[2023-10-16 01:52:44.965] [pxr_streamer] [info] [30264|24636]streaming_driver_interface_impl.cpp:39 ConnectToService: connect to service, this= 0x1fb75555910
[2023-10-16 01:52:44.965] [pxr_streamer] [debug] [30264|12788]streaming_driver_interface_impl.cpp:343 InvokeConnectToService: connect to service, this= 0x1fb75555910
[2023-10-16 01:52:44.965] [pxr_streamer] [debug] [30264|12788]transport_client_tcp2.cpp:33 Start: buffer size(send\recv): 1048576\1048576, this= 0x1faa812b800
[2023-10-16 01:52:44.966] [pxr_streamer] [info] [30264|12788]transport_client_tcp2.cpp:58 Start: server= 127.0.0.1:29000, local=0.0.0.0:0, this= 0x1faa812b800
[2023-10-16 01:52:44.966] [pxr_streamer] [info] [30264|6940]streaming_driver_interface_impl.cpp:141 NotifyConnectResult: connect to service, result= 0, this= 0x1fb75555910
[2023-10-16 01:52:44.966] [pxr_streamer] [debug] [30264|6940]transport_client_tcp2.cpp:161 HandleConnect: local= 127.0.0.1:62795, this= 0x1faa812b800
[2023-10-16 01:52:44.966] [pxr_streamer] [debug] [30264|12788]streaming_driver_interface_impl.cpp:444 HandleTransportConnect: connect success, this= 0x1fb75555910
[2023-10-16 01:52:44.966] [pxr_streamer] [info] [30264|12788]driver_impl.cpp:59 Connect: send connect request : { id = pXwk2JHZ, timestamp = 2338611, from = Driver, to = SRS, connection info : {id: "RqkQIyICdTbOR4tN\000" name: "Streaming Driver SDK\000" module_version: "1.1.1.1\000" protocol_version: "1.0.0.0\000"} }, this= 0x1facac4e710
[2023-10-16 01:52:44.966] [pxr_streamer] [info] [30264|12788]streaming_driver_interface_impl.cpp:332 StartRpcConnect: driver id= RqkQIyICdTbOR4tN, this= 0x1fb75555910
[2023-10-16 01:52:44.966] [pxr_streamer] [info] [30264|12788]driver_impl.cpp:650 ProcessResponseMessage: received connect response : { id = sSBzIMtg, timestamp = 2338611, from = SRS, to = Driver, req_id = pXwk2JHZ, result_code = 1 }, this= 0x1facac4e710
[2023-10-16 01:52:44.966] [pxr_streamer] [debug] [30264|12788]streaming_driver_interface_impl.cpp:174 NotifyDriverConnectResult: result= 0, this= 0x1fb75555910
[2023-10-16 01:52:44.966] [pxr_streamer] [info] [30264|24636]streaming_driver_interface_impl.cpp:62 StartStreaming: (1920,1920), fps= 72, this= 0x1fb75555910
[2023-10-16 01:52:44.966] [pxr_streamer] [error] [30264|24636]streaming_driver_interface_impl.cpp:65 StartStreaming: "device not connected", !device_connected_, this= 0x1fb75555910
[2023-10-16 01:52:44.968] [pxr_streamer] [info] [30264|12788]driver_impl.cpp:447 ProcessNotifyMessage: received connect notify : { id = UzyDSzZN, timestamp = 2338613, from = SRS, to = Driver, connection info: { id = PA81E0MGGA282325G, name = PICO 4, module_version = b6076, protocol_version = 1.1.0.0 } }, this= 0x1facac4e710
[2023-10-16 01:52:44.968] [pxr_streamer] [debug] [30264|12788]streaming_driver_interface_impl.cpp:216 NotifyDeviceConnected: device info= id= PA81E0MGGA282325G, name= PICO 4, module version= b6076, protocol version= 1.1.0.0, fov= 2,{0,0,0,0}, this= 0x1fb75555910
[2023-10-16 01:52:44.969] [pxr_streamer] [info] [30264|12788]streaming_driver_interface_impl.cpp:62 StartStreaming: (1920,1920), fps= 72, this= 0x1fb75555910
[2023-10-16 01:52:44.969] [pxr_streamer] [info] [30264|12788]driver_impl.cpp:207 StartStreaming: send start streaming request : { id = dmazRTGR, timestamp = 2338613, from = Driver, to = SRS, media config : {render_width: 1920 render_height: 1920 fps: 72}, this= 0x1facac4e710
[2023-10-16 01:52:44.969] [pxr_streamer] [info] [30264|12788]driver_impl.cpp:507 ProcessNotifyMessage: send update driver state request : , id = AICVq8d2, timestamp = 2338614, from = SRS, to = Driver, streaming state : {streaming_state: kStreamingLaunching}, media config : {}, this= 0x1facac4e710
[2023-10-16 01:52:44.969] [pxr_streamer] [debug] [30264|12788]streaming_driver_interface_impl.cpp:252 NotifyStreamingStateUpdated: state= 1, config= (0,0), fps= 0, this= 0x1fb75555910
[2023-10-16 01:52:56.012] [pxr_streamer] [info] [30264|12788]driver_impl.cpp:507 ProcessNotifyMessage: send update driver state request : , id = cxhEj4nM, timestamp = 2349656, from = SRS, to = Driver, streaming state : {streaming_state: kStreamingReady}, media config : {render_width: 1920 render_height: 1920 fps: 72}, this= 0x1facac4e710
[2023-10-16 01:52:56.012] [pxr_streamer] [debug] [30264|12788]streaming_driver_interface_impl.cpp:252 NotifyStreamingStateUpdated: state= 2, config= (1920,1920), fps= 72, this= 0x1fb75555910
[2023-10-16 01:52:56.012] [pxr_streamer] [warning] [30264|6940]transport_data_receiver.cpp:89 ProcessReceivedData: recv multi-packet,count = 2, this= 0x1faa812b9a0
[2023-10-16 01:52:56.012] [pxr_streamer] [warning] [30264|6940]transport_data_receiver.cpp:89 ProcessReceivedData: recv multi-packet,count = 3, this= 0x1faa812b9a0
[2023-10-16 01:52:56.013] [pxr_streamer] [warning] [30264|6940]transport_data_receiver.cpp:89 ProcessReceivedData: recv multi-packet,count = 2, this= 0x1faa812b9a0
[2023-10-16 01:52:56.013] [pxr_streamer] [warning] [30264|6940]transport_data_receiver.cpp:89 ProcessReceivedData: recv multi-packet,count = 4, this= 0x1faa812b9a0
[2023-10-16 01:52:56.013] [pxr_streamer] [warning] [30264|6940]transport_data_receiver.cpp:89 ProcessReceivedData: recv multi-packet,count = 2, this= 0x1faa812b9a0
[2023-10-16 01:54:25.840] [pxr_streamer] [info] [30264|24636]streaming_driver_interface_impl.cpp:78 StopStreaming: stop streaming, this= 0x1fb75555910
[2023-10-16 01:54:25.840] [pxr_streamer] [info] [30264|12788]driver_impl.cpp:230 StopStreaming: send stop streaming request : { id = wx3Td52x, timestamp = 2439485, from = Driver, to = SRS }, this= 0x1facac4e710
[2023-10-16 01:54:25.840] [pxr_streamer] [info] [30264|24636]streaming_driver_interface_impl.cpp:53 DisconnectFromService: disconnect from service, this= 0x1fb75555910
[2023-10-16 01:54:25.840] [pxr_streamer] [debug] [30264|12788]streaming_driver_interface_impl.cpp:374 InvokeDisconnectFromService: disconnect from service, this= 0x1fb75555910
[2023-10-16 01:54:25.840] [pxr_streamer] [info] [30264|12788]driver_impl.cpp:81 Disconnect: send disconnect request : { id = oO4KmCD1, timestamp = 2439485, from = Driver, to = SRS }, this= 0x1facac4e710
[2023-10-16 01:54:25.840] [pxr_streamer] [debug] [30264|12788]transport_client_tcp2.cpp:73 Stop: called, this= 0x1faa812b800
[2023-10-16 01:54:25.840] [pxr_streamer] [error] [30264|6940]transport_client_tcp2.cpp:116 operator (): recv error= 1236, msg= The network connection was aborted by the local system., this= 0x1faa812b800
[2023-10-16 01:54:25.840] [pxr_streamer] [error] [30264|6940]transport_client_tcp2.cpp:129 HandleReceiveData: has been disconnected, this= 0x1faa812b800
[2023-10-16 01:54:25.840] [pxr_streamer] [error] [30264|6940]transport_client_tcp2.cpp:105 StartAyncRecv: has been disconnected, this= 0x1faa812b800
